

Microchip MPLAB XC8 Assembler V2.40 build 20220703182018 
                                                                                               Thu Feb 23 14:58:55 2023

Microchip MPLAB XC8 C Compiler v2.40 (Free license) build 20220703182018 Og1 
     1                           	processor	16F887
     2                           	pagewidth 120
     3                           	opt	flic
     4                           	psect	nvBANK0,global,class=BANK0,space=1,delta=1,noexec
     5                           	psect	cinit,global,class=CODE,merge=1,delta=2
     6                           	psect	bssCOMMON,global,class=COMMON,space=1,delta=1,noexec
     7                           	psect	bssBANK0,global,class=BANK0,space=1,delta=1,noexec
     8                           	psect	cstackCOMMON,global,class=COMMON,space=1,delta=1,noexec
     9                           	psect	cstackBANK0,global,class=BANK0,space=1,delta=1,noexec
    10                           	psect	maintext,global,class=CODE,split=1,delta=2
    11                           	psect	text1,local,class=CODE,merge=1,delta=2
    12                           	psect	text2,local,class=CODE,merge=1,delta=2
    13                           	psect	text3,local,class=CODE,merge=1,delta=2
    14                           	psect	intentry,global,class=CODE,delta=2
    15                           	psect	text4,local,class=CODE,merge=1,delta=2
    16                           	psect	text5,local,class=CODE,merge=1,delta=2
    17                           	psect	text6,local,class=CODE,merge=1,delta=2
    18                           	psect	text7,local,class=CODE,merge=1,delta=2
    19                           	psect	text8,local,class=CODE,merge=1,delta=2
    20                           	psect	text9,local,class=CODE,merge=1,delta=2
    21                           	psect	idloc,global,abs,ovrld,class=IDLOC,space=5,delta=2,noexec
    22                           	psect	config,global,abs,ovrld,class=CONFIG,space=4,delta=2,noexec
    23                           	dabs	1,0x7E,2
    24     0000                     
    25                           ; Version 2.40
    26                           ; Generated 17/11/2021 GMT
    27                           ; 
    28                           ; Copyright © 2021, Microchip Technology Inc. and its subsidiaries ("Microchip")
    29                           ; All rights reserved.
    30                           ; 
    31                           ; This software is developed by Microchip Technology Inc. and its subsidiaries ("Microch
      +                          ip").
    32                           ; 
    33                           ; Redistribution and use in source and binary forms, with or without modification, are
    34                           ; permitted provided that the following conditions are met:
    35                           ; 
    36                           ;     1. Redistributions of source code must retain the above copyright notice, this lis
      +                          t of
    37                           ;        conditions and the following disclaimer.
    38                           ; 
    39                           ;     2. Redistributions in binary form must reproduce the above copyright notice, this 
      +                          list
    40                           ;        of conditions and the following disclaimer in the documentation and/or other
    41                           ;        materials provided with the distribution. Publication is not required when
    42                           ;        this file is used in an embedded application.
    43                           ; 
    44                           ;     3. Microchip's name may not be used to endorse or promote products derived from th
      +                          is
    45                           ;        software without specific prior written permission.
    46                           ; 
    47                           ; THIS SOFTWARE IS PROVIDED BY MICROCHIP "AS IS" AND ANY EXPRESS OR IMPLIED WARRANTIES,
    48                           ; INCLUDING, BUT NOT LIMITED TO, THE IMPLIED WARRANTIES OF MERCHANTABILITY AND FITNESS F
      +                          OR
    49                           ; PURPOSE ARE DISCLAIMED.  IN NO EVENT SHALL MICROCHIP BE LIABLE FOR ANY DIRECT, INDIREC
      +                          T,
    50                           ; INCIDENTAL, SPECIAL, EXEMPLARY, OR CONSEQUENTIAL DAMAGES (INCLUDING BUT NOT LIMITED TO
    51                           ; PROCUREMENT OF SUBSTITUTE GOODS OR SERVICES; LOSS OF USE, DATA OR PROFITS; OR BUSINESS
    52                           ; INTERRUPTION) HOWSOEVER CAUSED AND ON ANY THEORY OF LIABILITY, WHETHER IN CONTRACT, ST
      +                          RICT
    53                           ; LIABILITY, OR TORT (INCLUDING NEGLIGENCE OR OTHERWISE) ARISING IN ANY WAY OUT OF THE U
      +                          SE OF
    54                           ; THIS SOFTWARE, EVEN IF ADVISED OF THE POSSIBILITY OF SUCH DAMAGE.
    55                           ; 
    56                           ; 
    57                           ; Code-generator required, PIC16F887 Definitions
    58                           ; 
    59                           ; SFR Addresses
    60     0000                     	;# 
    61     0001                     	;# 
    62     0002                     	;# 
    63     0003                     	;# 
    64     0004                     	;# 
    65     0005                     	;# 
    66     0006                     	;# 
    67     0007                     	;# 
    68     0008                     	;# 
    69     0009                     	;# 
    70     000A                     	;# 
    71     000B                     	;# 
    72     000C                     	;# 
    73     000D                     	;# 
    74     000E                     	;# 
    75     000E                     	;# 
    76     000F                     	;# 
    77     0010                     	;# 
    78     0011                     	;# 
    79     0012                     	;# 
    80     0013                     	;# 
    81     0014                     	;# 
    82     0015                     	;# 
    83     0015                     	;# 
    84     0016                     	;# 
    85     0017                     	;# 
    86     0018                     	;# 
    87     0019                     	;# 
    88     001A                     	;# 
    89     001B                     	;# 
    90     001B                     	;# 
    91     001C                     	;# 
    92     001D                     	;# 
    93     001E                     	;# 
    94     001F                     	;# 
    95     0081                     	;# 
    96     0085                     	;# 
    97     0086                     	;# 
    98     0087                     	;# 
    99     0088                     	;# 
   100     0089                     	;# 
   101     008C                     	;# 
   102     008D                     	;# 
   103     008E                     	;# 
   104     008F                     	;# 
   105     0090                     	;# 
   106     0091                     	;# 
   107     0092                     	;# 
   108     0093                     	;# 
   109     0093                     	;# 
   110     0093                     	;# 
   111     0094                     	;# 
   112     0095                     	;# 
   113     0096                     	;# 
   114     0097                     	;# 
   115     0098                     	;# 
   116     0099                     	;# 
   117     009A                     	;# 
   118     009B                     	;# 
   119     009C                     	;# 
   120     009D                     	;# 
   121     009E                     	;# 
   122     009F                     	;# 
   123     0105                     	;# 
   124     0107                     	;# 
   125     0108                     	;# 
   126     0109                     	;# 
   127     010C                     	;# 
   128     010C                     	;# 
   129     010D                     	;# 
   130     010E                     	;# 
   131     010F                     	;# 
   132     0185                     	;# 
   133     0187                     	;# 
   134     0188                     	;# 
   135     0189                     	;# 
   136     018C                     	;# 
   137     018D                     	;# 
   138     0000                     	;# 
   139     0001                     	;# 
   140     0002                     	;# 
   141     0003                     	;# 
   142     0004                     	;# 
   143     0005                     	;# 
   144     0006                     	;# 
   145     0007                     	;# 
   146     0008                     	;# 
   147     0009                     	;# 
   148     000A                     	;# 
   149     000B                     	;# 
   150     000C                     	;# 
   151     000D                     	;# 
   152     000E                     	;# 
   153     000E                     	;# 
   154     000F                     	;# 
   155     0010                     	;# 
   156     0011                     	;# 
   157     0012                     	;# 
   158     0013                     	;# 
   159     0014                     	;# 
   160     0015                     	;# 
   161     0015                     	;# 
   162     0016                     	;# 
   163     0017                     	;# 
   164     0018                     	;# 
   165     0019                     	;# 
   166     001A                     	;# 
   167     001B                     	;# 
   168     001B                     	;# 
   169     001C                     	;# 
   170     001D                     	;# 
   171     001E                     	;# 
   172     001F                     	;# 
   173     0081                     	;# 
   174     0085                     	;# 
   175     0086                     	;# 
   176     0087                     	;# 
   177     0088                     	;# 
   178     0089                     	;# 
   179     008C                     	;# 
   180     008D                     	;# 
   181     008E                     	;# 
   182     008F                     	;# 
   183     0090                     	;# 
   184     0091                     	;# 
   185     0092                     	;# 
   186     0093                     	;# 
   187     0093                     	;# 
   188     0093                     	;# 
   189     0094                     	;# 
   190     0095                     	;# 
   191     0096                     	;# 
   192     0097                     	;# 
   193     0098                     	;# 
   194     0099                     	;# 
   195     009A                     	;# 
   196     009B                     	;# 
   197     009C                     	;# 
   198     009D                     	;# 
   199     009E                     	;# 
   200     009F                     	;# 
   201     0105                     	;# 
   202     0107                     	;# 
   203     0108                     	;# 
   204     0109                     	;# 
   205     010C                     	;# 
   206     010C                     	;# 
   207     010D                     	;# 
   208     010E                     	;# 
   209     010F                     	;# 
   210     0185                     	;# 
   211     0187                     	;# 
   212     0188                     	;# 
   213     0189                     	;# 
   214     018C                     	;# 
   215     018D                     	;# 
   216     0000                     	;# 
   217     0001                     	;# 
   218     0002                     	;# 
   219     0003                     	;# 
   220     0004                     	;# 
   221     0005                     	;# 
   222     0006                     	;# 
   223     0007                     	;# 
   224     0008                     	;# 
   225     0009                     	;# 
   226     000A                     	;# 
   227     000B                     	;# 
   228     000C                     	;# 
   229     000D                     	;# 
   230     000E                     	;# 
   231     000E                     	;# 
   232     000F                     	;# 
   233     0010                     	;# 
   234     0011                     	;# 
   235     0012                     	;# 
   236     0013                     	;# 
   237     0014                     	;# 
   238     0015                     	;# 
   239     0015                     	;# 
   240     0016                     	;# 
   241     0017                     	;# 
   242     0018                     	;# 
   243     0019                     	;# 
   244     001A                     	;# 
   245     001B                     	;# 
   246     001B                     	;# 
   247     001C                     	;# 
   248     001D                     	;# 
   249     001E                     	;# 
   250     001F                     	;# 
   251     0081                     	;# 
   252     0085                     	;# 
   253     0086                     	;# 
   254     0087                     	;# 
   255     0088                     	;# 
   256     0089                     	;# 
   257     008C                     	;# 
   258     008D                     	;# 
   259     008E                     	;# 
   260     008F                     	;# 
   261     0090                     	;# 
   262     0091                     	;# 
   263     0092                     	;# 
   264     0093                     	;# 
   265     0093                     	;# 
   266     0093                     	;# 
   267     0094                     	;# 
   268     0095                     	;# 
   269     0096                     	;# 
   270     0097                     	;# 
   271     0098                     	;# 
   272     0099                     	;# 
   273     009A                     	;# 
   274     009B                     	;# 
   275     009C                     	;# 
   276     009D                     	;# 
   277     009E                     	;# 
   278     009F                     	;# 
   279     0105                     	;# 
   280     0107                     	;# 
   281     0108                     	;# 
   282     0109                     	;# 
   283     010C                     	;# 
   284     010C                     	;# 
   285     010D                     	;# 
   286     010E                     	;# 
   287     010F                     	;# 
   288     0185                     	;# 
   289     0187                     	;# 
   290     0188                     	;# 
   291     0189                     	;# 
   292     018C                     	;# 
   293     018D                     	;# 
   294     0000                     	;# 
   295     0001                     	;# 
   296     0002                     	;# 
   297     0003                     	;# 
   298     0004                     	;# 
   299     0005                     	;# 
   300     0006                     	;# 
   301     0007                     	;# 
   302     0008                     	;# 
   303     0009                     	;# 
   304     000A                     	;# 
   305     000B                     	;# 
   306     000C                     	;# 
   307     000D                     	;# 
   308     000E                     	;# 
   309     000E                     	;# 
   310     000F                     	;# 
   311     0010                     	;# 
   312     0011                     	;# 
   313     0012                     	;# 
   314     0013                     	;# 
   315     0014                     	;# 
   316     0015                     	;# 
   317     0015                     	;# 
   318     0016                     	;# 
   319     0017                     	;# 
   320     0018                     	;# 
   321     0019                     	;# 
   322     001A                     	;# 
   323     001B                     	;# 
   324     001B                     	;# 
   325     001C                     	;# 
   326     001D                     	;# 
   327     001E                     	;# 
   328     001F                     	;# 
   329     0081                     	;# 
   330     0085                     	;# 
   331     0086                     	;# 
   332     0087                     	;# 
   333     0088                     	;# 
   334     0089                     	;# 
   335     008C                     	;# 
   336     008D                     	;# 
   337     008E                     	;# 
   338     008F                     	;# 
   339     0090                     	;# 
   340     0091                     	;# 
   341     0092                     	;# 
   342     0093                     	;# 
   343     0093                     	;# 
   344     0093                     	;# 
   345     0094                     	;# 
   346     0095                     	;# 
   347     0096                     	;# 
   348     0097                     	;# 
   349     0098                     	;# 
   350     0099                     	;# 
   351     009A                     	;# 
   352     009B                     	;# 
   353     009C                     	;# 
   354     009D                     	;# 
   355     009E                     	;# 
   356     009F                     	;# 
   357     0105                     	;# 
   358     0107                     	;# 
   359     0108                     	;# 
   360     0109                     	;# 
   361     010C                     	;# 
   362     010C                     	;# 
   363     010D                     	;# 
   364     010E                     	;# 
   365     010F                     	;# 
   366     0185                     	;# 
   367     0187                     	;# 
   368     0188                     	;# 
   369     0189                     	;# 
   370     018C                     	;# 
   371     018D                     	;# 
   372                           
   373                           	psect	nvBANK0
   374     0027                     __pnvBANK0:
   375     0027                     _dc:
   376     0027                     	ds	1
   377     000E                     _TMR1	set	14
   378     0010                     _T1CONbits	set	16
   379     0010                     _T1CON	set	16
   380     0008                     _PORTDbits	set	8
   381     0013                     _SSPBUF	set	19
   382     0014                     _SSPCONbits	set	20
   383     0014                     _SSPCON	set	20
   384     0008                     _PORTD	set	8
   385     0007                     _PORTC	set	7
   386     0006                     _PORTB	set	6
   387     0005                     _PORTA	set	5
   388     0006                     _PORTBbits	set	6
   389     000B                     _INTCONbits	set	11
   390     000C                     _PIR1bits	set	12
   391     0007                     _PORTCbits	set	7
   392     0005                     _PORTAbits	set	5
   393     0088                     _TRISDbits	set	136
   394     0094                     _SSPSTATbits	set	148
   395     008C                     _PIE1bits	set	140
   396     0091                     _SSPCON2	set	145
   397     0093                     _SSPADD	set	147
   398     0094                     _SSPSTAT	set	148
   399     008F                     _OSCCONbits	set	143
   400     0087                     _TRISCbits	set	135
   401     0085                     _TRISAbits	set	133
   402     04A0                     _BF	set	1184
   403     0189                     _ANSELH	set	393
   404     0188                     _ANSEL	set	392
   405                           
   406                           	psect	cinit
   407     000F                     start_initialization:	
   408                           ; #config settings
   409                           
   410     000F                     __initialization:
   411                           
   412                           ; Clear objects allocated to COMMON
   413     000F  01F8               	clrf	__pbssCOMMON& (0+127)
   414     0010  01F9               	clrf	(__pbssCOMMON+1)& (0+127)
   415     0011  01FA               	clrf	(__pbssCOMMON+2)& (0+127)
   416     0012  01FB               	clrf	(__pbssCOMMON+3)& (0+127)
   417     0013  01FC               	clrf	(__pbssCOMMON+4)& (0+127)
   418     0014  01FD               	clrf	(__pbssCOMMON+5)& (0+127)
   419                           
   420                           ; Clear objects allocated to BANK0
   421     0015  1283               	bcf	3,5	;RP0=0, select bank0
   422     0016  1303               	bcf	3,6	;RP1=0, select bank0
   423     0017  01A4               	clrf	__pbssBANK0& (0+127)
   424     0018  01A5               	clrf	(__pbssBANK0+1)& (0+127)
   425     0019  01A6               	clrf	(__pbssBANK0+2)& (0+127)
   426     001A                     end_of_initialization:	
   427                           ;End of C runtime variable initialization code
   428                           
   429     001A                     __end_of__initialization:
   430     001A  0183               	clrf	3
   431     001B  120A  118A  286D   	ljmp	_main	;jump to C main() function
   432                           
   433                           	psect	bssCOMMON
   434     0078                     __pbssCOMMON:
   435     0078                     _cont:
   436     0078                     	ds	1
   437     0079                     _contg:
   438     0079                     	ds	1
   439     007A                     _green:
   440     007A                     	ds	1
   441     007B                     _red:
   442     007B                     	ds	1
   443     007C                     _enviado:
   444     007C                     	ds	1
   445     007D                     _recibido:
   446     007D                     	ds	1
   447                           
   448                           	psect	bssBANK0
   449     0024                     __pbssBANK0:
   450     0024                     _contb:
   451     0024                     	ds	1
   452     0025                     _contr:
   453     0025                     	ds	1
   454     0026                     _blue:
   455     0026                     	ds	1
   456                           
   457                           	psect	cstackCOMMON
   458     0070                     __pcstackCOMMON:
   459     0070                     ?_setup:
   460     0070                     ?_I2C_Error_Data:	
   461                           ; 1 bytes @ 0x0
   462                           
   463     0070                     ??_I2C_Error_Data:	
   464                           ; 1 bytes @ 0x0
   465                           
   466     0070                     ?_I2C_Read_Slave:	
   467                           ; 1 bytes @ 0x0
   468                           
   469     0070                     ??_I2C_Read_Slave:	
   470                           ; 1 bytes @ 0x0
   471                           
   472     0070                     ?_I2C_Write_Slave:	
   473                           ; 1 bytes @ 0x0
   474                           
   475     0070                     ??_I2C_Write_Slave:	
   476                           ; 1 bytes @ 0x0
   477                           
   478     0070                     ?_I2C_Init_Slave:	
   479                           ; 1 bytes @ 0x0
   480                           
   481     0070                     ?_main:	
   482                           ; 1 bytes @ 0x0
   483                           
   484     0070                     ?_isr:	
   485                           ; 1 bytes @ 0x0
   486                           
   487     0070                     ?_I2C_Error_Read:	
   488                           ; 1 bytes @ 0x0
   489                           
   490     0070                     ?_I2C_Write_Mode:	
   491                           ; 2 bytes @ 0x0
   492                           
   493     0070                     ?_I2C_Read_Mode:	
   494                           ; 2 bytes @ 0x0
   495                           
   496     0070                     I2C_Read_Slave@dato_i2c:	
   497                           ; 2 bytes @ 0x0
   498                           
   499     0070                     I2C_Write_Slave@dato_i2c:	
   500                           ; 1 bytes @ 0x0
   501                           
   502                           
   503                           ; 1 bytes @ 0x0
   504     0070                     	ds	2
   505     0072                     ??_I2C_Error_Read:
   506     0072                     ??_I2C_Write_Mode:	
   507                           ; 1 bytes @ 0x2
   508                           
   509     0072                     ??_I2C_Read_Mode:	
   510                           ; 1 bytes @ 0x2
   511                           
   512                           
   513                           ; 1 bytes @ 0x2
   514     0072                     	ds	2
   515     0074                     _I2C_Error_Read$531:
   516     0074                     _I2C_Write_Mode$541:	
   517                           ; 1 bytes @ 0x4
   518                           
   519     0074                     _I2C_Read_Mode$543:	
   520                           ; 1 bytes @ 0x4
   521                           
   522                           
   523                           ; 1 bytes @ 0x4
   524     0074                     	ds	1
   525     0075                     ??_isr:
   526                           
   527                           ; 1 bytes @ 0x5
   528     0075                     	ds	3
   529                           
   530                           	psect	cstackBANK0
   531     0020                     __pcstackBANK0:
   532     0020                     ??_I2C_Init_Slave:
   533     0020                     I2C_Init_Slave@add_slave:	
   534                           ; 1 bytes @ 0x0
   535                           
   536                           
   537                           ; 1 bytes @ 0x0
   538     0020                     	ds	1
   539     0021                     ??_setup:
   540     0021                     ??_main:	
   541                           ; 1 bytes @ 0x1
   542                           
   543                           
   544                           ; 1 bytes @ 0x1
   545     0021                     	ds	3
   546                           
   547                           	psect	maintext
   548     006D                     __pmaintext:	
   549 ;;
   550 ;;Main: autosize = 0, tempsize = 3, incstack = 0, save=0
   551 ;;
   552 ;; *************** function _main *****************
   553 ;; Defined at:
   554 ;;		line 38 in file "main_slave1.c"
   555 ;; Parameters:    Size  Location     Type
   556 ;;		None
   557 ;; Auto vars:     Size  Location     Type
   558 ;;		None
   559 ;; Return value:  Size  Location     Type
   560 ;;                  1    wreg      void 
   561 ;; Registers used:
   562 ;;		wreg, status,2, status,0, pclath, cstack
   563 ;; Tracked objects:
   564 ;;		On entry : B00/0
   565 ;;		On exit  : 0/0
   566 ;;		Unchanged: 0/0
   567 ;; Data sizes:     COMMON   BANK0   BANK1   BANK3   BANK2
   568 ;;      Params:         0       0       0       0       0
   569 ;;      Locals:         0       0       0       0       0
   570 ;;      Temps:          0       3       0       0       0
   571 ;;      Totals:         0       3       0       0       0
   572 ;;Total ram usage:        3 bytes
   573 ;; Hardware stack levels required when called: 4
   574 ;; This function calls:
   575 ;;		_setup
   576 ;; This function is called by:
   577 ;;		Startup code after reset
   578 ;; This function uses a non-reentrant model
   579 ;;
   580                           
   581     006D                     _main:	
   582                           ;psect for function _main
   583                           
   584     006D                     l1053:	
   585                           ;incstack = 0
   586                           ; Regs used in _main: [wreg+status,2+status,0+pclath+cstack]
   587                           
   588                           
   589                           ;main_slave1.c: 39:     setup();
   590     006D  120A  118A  20BF  120A  118A  	fcall	_setup
   591     0072                     l1055:
   592                           
   593                           ;main_slave1.c: 41:     contr = 0;
   594     0072  1283               	bcf	3,5	;RP0=0, select bank0
   595     0073  1303               	bcf	3,6	;RP1=0, select bank0
   596     0074  01A5               	clrf	_contr
   597     0075                     l1057:
   598                           
   599                           ;main_slave1.c: 42:     contg = 0;
   600     0075  01F9               	clrf	_contg
   601     0076                     l1059:
   602                           
   603                           ;main_slave1.c: 43:     contb = 0;
   604     0076  01A4               	clrf	_contb
   605     0077                     l1061:
   606                           
   607                           ;main_slave1.c: 44:     cont = 0;
   608     0077  01F8               	clrf	_cont
   609     0078                     l1063:
   610                           
   611                           ;main_slave1.c: 45:     dc = 1;
   612     0078  01A7               	clrf	_dc
   613     0079  0AA7               	incf	_dc,f
   614     007A  2886               	goto	l1087
   615     007B                     l73:
   616                           
   617                           ;main_slave1.c: 48:             PORTAbits.RA1 = 1;
   618     007B  1485               	bsf	5,1	;volatile
   619                           
   620                           ;main_slave1.c: 49:             PORTAbits.RA0 = 0;
   621     007C  1005               	bcf	5,0	;volatile
   622                           
   623                           ;main_slave1.c: 51:             if (PORTAbits.RA3 == 1){
   624     007D  1D85               	btfss	5,3	;volatile
   625     007E  2880               	goto	u351
   626     007F  2881               	goto	u350
   627     0080                     u351:
   628     0080  2883               	goto	l74
   629     0081                     u350:
   630     0081                     l1065:
   631                           
   632                           ;main_slave1.c: 52:                 PORTCbits.RC1 = 1;
   633     0081  1487               	bsf	7,1	;volatile
   634                           
   635                           ;main_slave1.c: 53:             }
   636     0082  2884               	goto	l1085
   637     0083                     l74:	
   638                           ;main_slave1.c: 54:             else {
   639                           
   640                           
   641                           ;main_slave1.c: 55:                 PORTCbits.RC1 = 0;
   642     0083  1087               	bcf	7,1	;volatile
   643     0084                     l1085:
   644                           
   645                           ;main_slave1.c: 78:                 contb = contg;
   646     0084  0879               	movf	_contg,w
   647     0085  00A4               	movwf	_contb
   648     0086                     l1087:
   649                           
   650                           ;main_slave1.c: 47:         while(dc == 1){
   651     0086  1283               	bcf	3,5	;RP0=0, select bank0
   652     0087  1303               	bcf	3,6	;RP1=0, select bank0
   653     0088  0327               	decf	_dc,w
   654     0089  1903               	btfsc	3,2
   655     008A  288C               	goto	u361
   656     008B  288D               	goto	u360
   657     008C                     u361:
   658     008C  287B               	goto	l73
   659     008D                     u360:
   660     008D                     l1089:
   661                           
   662                           ;main_slave1.c: 81:         _delay((unsigned long)((500)*(8000000/4000.0)));
   663     008D  3006               	movlw	6
   664     008E  1283               	bcf	3,5	;RP0=0, select bank0
   665     008F  1303               	bcf	3,6	;RP1=0, select bank0
   666     0090  00A3               	movwf	??_main+2
   667     0091  3013               	movlw	19
   668     0092  00A2               	movwf	??_main+1
   669     0093  30AD               	movlw	173
   670     0094  00A1               	movwf	??_main
   671     0095                     u437:
   672     0095  0BA1               	decfsz	??_main,f
   673     0096  2895               	goto	u437
   674     0097  0BA2               	decfsz	??_main+1,f
   675     0098  2895               	goto	u437
   676     0099  0BA3               	decfsz	??_main+2,f
   677     009A  2895               	goto	u437
   678     009B  2886               	goto	l1087
   679     009C  120A  118A  280C   	ljmp	start
   680     009F                     __end_of_main:
   681                           
   682                           	psect	text1
   683     00BF                     __ptext1:	
   684 ;; *************** function _setup *****************
   685 ;; Defined at:
   686 ;;		line 131 in file "main_slave1.c"
   687 ;; Parameters:    Size  Location     Type
   688 ;;		None
   689 ;; Auto vars:     Size  Location     Type
   690 ;;		None
   691 ;; Return value:  Size  Location     Type
   692 ;;                  1    wreg      void 
   693 ;; Registers used:
   694 ;;		wreg, status,2, status,0, pclath, cstack
   695 ;; Tracked objects:
   696 ;;		On entry : 0/0
   697 ;;		On exit  : 0/0
   698 ;;		Unchanged: 0/0
   699 ;; Data sizes:     COMMON   BANK0   BANK1   BANK3   BANK2
   700 ;;      Params:         0       0       0       0       0
   701 ;;      Locals:         0       0       0       0       0
   702 ;;      Temps:          0       0       0       0       0
   703 ;;      Totals:         0       0       0       0       0
   704 ;;Total ram usage:        0 bytes
   705 ;; Hardware stack levels used: 1
   706 ;; Hardware stack levels required when called: 3
   707 ;; This function calls:
   708 ;;		_I2C_Init_Slave
   709 ;; This function is called by:
   710 ;;		_main
   711 ;; This function uses a non-reentrant model
   712 ;;
   713                           
   714     00BF                     _setup:	
   715                           ;psect for function _setup
   716                           
   717     00BF                     l999:	
   718                           ;incstack = 0
   719                           ; Regs used in _setup: [wreg+status,2+status,0+pclath+cstack]
   720                           
   721                           
   722                           ;main_slave1.c: 132:     ANSEL = 0;
   723     00BF  1683               	bsf	3,5	;RP0=1, select bank3
   724     00C0  1703               	bsf	3,6	;RP1=1, select bank3
   725     00C1  0188               	clrf	8	;volatile
   726                           
   727                           ;main_slave1.c: 133:     ANSELH = 0;
   728     00C2  0189               	clrf	9	;volatile
   729     00C3                     l1001:
   730                           
   731                           ;main_slave1.c: 135:     TRISAbits.TRISA0 = 0;
   732     00C3  1683               	bsf	3,5	;RP0=1, select bank1
   733     00C4  1303               	bcf	3,6	;RP1=0, select bank1
   734     00C5  1005               	bcf	5,0	;volatile
   735     00C6                     l1003:
   736                           
   737                           ;main_slave1.c: 136:     TRISAbits.TRISA1 = 0;
   738     00C6  1085               	bcf	5,1	;volatile
   739     00C7                     l1005:
   740                           
   741                           ;main_slave1.c: 137:     TRISAbits.TRISA3 = 1;
   742     00C7  1585               	bsf	5,3	;volatile
   743     00C8                     l1007:
   744                           
   745                           ;main_slave1.c: 138:     TRISCbits.TRISC1 = 0;
   746     00C8  1087               	bcf	7,1	;volatile
   747                           
   748                           ;main_slave1.c: 140:     PORTA = 0;
   749     00C9  1283               	bcf	3,5	;RP0=0, select bank0
   750     00CA  1303               	bcf	3,6	;RP1=0, select bank0
   751     00CB  0185               	clrf	5	;volatile
   752                           
   753                           ;main_slave1.c: 141:     PORTB = 0;
   754     00CC  0186               	clrf	6	;volatile
   755                           
   756                           ;main_slave1.c: 142:     PORTC = 0;
   757     00CD  0187               	clrf	7	;volatile
   758                           
   759                           ;main_slave1.c: 143:     PORTD = 0;
   760     00CE  0188               	clrf	8	;volatile
   761     00CF                     l1009:
   762                           
   763                           ;main_slave1.c: 149:     OSCCONbits.IRCF2 = 1;
   764     00CF  1683               	bsf	3,5	;RP0=1, select bank1
   765     00D0  1303               	bcf	3,6	;RP1=0, select bank1
   766     00D1  170F               	bsf	15,6	;volatile
   767     00D2                     l1011:
   768                           
   769                           ;main_slave1.c: 150:     OSCCONbits.IRCF1 = 1;
   770     00D2  168F               	bsf	15,5	;volatile
   771     00D3                     l1013:
   772                           
   773                           ;main_slave1.c: 151:     OSCCONbits.IRCF0 = 1;
   774     00D3  160F               	bsf	15,4	;volatile
   775     00D4                     l1015:
   776                           
   777                           ;main_slave1.c: 153:     OSCCONbits.SCS = 1;
   778     00D4  140F               	bsf	15,0	;volatile
   779     00D5                     l1017:
   780                           
   781                           ;main_slave1.c: 154:     I2C_Init_Slave(0x50);
   782     00D5  3050               	movlw	80
   783     00D6  120A  118A  209F  120A  118A  	fcall	_I2C_Init_Slave
   784     00DB                     l99:
   785     00DB  0008               	return
   786     00DC                     __end_of_setup:
   787                           
   788                           	psect	text2
   789     009F                     __ptext2:	
   790 ;; *************** function _I2C_Init_Slave *****************
   791 ;; Defined at:
   792 ;;		line 83 in file "i2c.c"
   793 ;; Parameters:    Size  Location     Type
   794 ;;  add_slave       1    wreg     unsigned char 
   795 ;; Auto vars:     Size  Location     Type
   796 ;;  add_slave       1    0[BANK0 ] unsigned char 
   797 ;; Return value:  Size  Location     Type
   798 ;;                  1    wreg      void 
   799 ;; Registers used:
   800 ;;		wreg
   801 ;; Tracked objects:
   802 ;;		On entry : 0/0
   803 ;;		On exit  : 0/0
   804 ;;		Unchanged: 0/0
   805 ;; Data sizes:     COMMON   BANK0   BANK1   BANK3   BANK2
   806 ;;      Params:         0       0       0       0       0
   807 ;;      Locals:         0       1       0       0       0
   808 ;;      Temps:          0       0       0       0       0
   809 ;;      Totals:         0       1       0       0       0
   810 ;;Total ram usage:        1 bytes
   811 ;; Hardware stack levels used: 1
   812 ;; Hardware stack levels required when called: 2
   813 ;; This function calls:
   814 ;;		Nothing
   815 ;; This function is called by:
   816 ;;		_setup
   817 ;; This function uses a non-reentrant model
   818 ;;
   819                           
   820     009F                     _I2C_Init_Slave:	
   821                           ;psect for function _I2C_Init_Slave
   822                           
   823                           
   824                           ;incstack = 0
   825                           ; Regs used in _I2C_Init_Slave: [wreg]
   826                           ;I2C_Init_Slave@add_slave stored from wreg
   827     009F  1283               	bcf	3,5	;RP0=0, select bank0
   828     00A0  1303               	bcf	3,6	;RP1=0, select bank0
   829     00A1  00A0               	movwf	I2C_Init_Slave@add_slave
   830     00A2                     l987:
   831                           
   832                           ;i2c.c: 83: void I2C_Init_Slave(unsigned char add_slave);i2c.c: 84: {;i2c.c: 85:     TRI
      +                          SCbits.TRISC3 = 1;
   833     00A2  1683               	bsf	3,5	;RP0=1, select bank1
   834     00A3  1303               	bcf	3,6	;RP1=0, select bank1
   835     00A4  1587               	bsf	7,3	;volatile
   836                           
   837                           ;i2c.c: 86:     TRISCbits.TRISC4 = 1;
   838     00A5  1607               	bsf	7,4	;volatile
   839     00A6                     l989:
   840                           
   841                           ;i2c.c: 87:     SSPSTAT = 0x80;
   842     00A6  3080               	movlw	128
   843     00A7  0094               	movwf	20	;volatile
   844                           
   845                           ;i2c.c: 88:     SSPADD = add_slave;
   846     00A8  1283               	bcf	3,5	;RP0=0, select bank0
   847     00A9  1303               	bcf	3,6	;RP1=0, select bank0
   848     00AA  0820               	movf	I2C_Init_Slave@add_slave,w
   849     00AB  1683               	bsf	3,5	;RP0=1, select bank1
   850     00AC  1303               	bcf	3,6	;RP1=0, select bank1
   851     00AD  0093               	movwf	19	;volatile
   852                           
   853                           ;i2c.c: 89:     SSPCON = 0x36;
   854     00AE  3036               	movlw	54
   855     00AF  1283               	bcf	3,5	;RP0=0, select bank0
   856     00B0  1303               	bcf	3,6	;RP1=0, select bank0
   857     00B1  0094               	movwf	20	;volatile
   858                           
   859                           ;i2c.c: 90:     SSPCON2 = 0x01;
   860     00B2  3001               	movlw	1
   861     00B3  1683               	bsf	3,5	;RP0=1, select bank1
   862     00B4  1303               	bcf	3,6	;RP1=0, select bank1
   863     00B5  0091               	movwf	17	;volatile
   864     00B6                     l991:
   865                           
   866                           ;i2c.c: 91:     INTCONbits.GIE = 1;
   867     00B6  178B               	bsf	11,7	;volatile
   868     00B7                     l993:
   869                           
   870                           ;i2c.c: 92:     INTCONbits.PEIE = 1;
   871     00B7  170B               	bsf	11,6	;volatile
   872     00B8                     l995:
   873                           
   874                           ;i2c.c: 93:     PIR1bits.SSPIF = 0;
   875     00B8  1283               	bcf	3,5	;RP0=0, select bank0
   876     00B9  1303               	bcf	3,6	;RP1=0, select bank0
   877     00BA  118C               	bcf	12,3	;volatile
   878     00BB                     l997:
   879                           
   880                           ;i2c.c: 94:     PIE1bits.SSPIE = 1;
   881     00BB  1683               	bsf	3,5	;RP0=1, select bank1
   882     00BC  1303               	bcf	3,6	;RP1=0, select bank1
   883     00BD  158C               	bsf	12,3	;volatile
   884     00BE                     l126:
   885     00BE  0008               	return
   886     00BF                     __end_of_I2C_Init_Slave:
   887                           
   888                           	psect	text3
   889     001E                     __ptext3:	
   890 ;; *************** function _isr *****************
   891 ;; Defined at:
   892 ;;		line 85 in file "main_slave1.c"
   893 ;; Parameters:    Size  Location     Type
   894 ;;		None
   895 ;; Auto vars:     Size  Location     Type
   896 ;;		None
   897 ;; Return value:  Size  Location     Type
   898 ;;                  1    wreg      void 
   899 ;; Registers used:
   900 ;;		wreg, status,2, status,0, pclath, cstack
   901 ;; Tracked objects:
   902 ;;		On entry : 0/0
   903 ;;		On exit  : 0/0
   904 ;;		Unchanged: 0/0
   905 ;; Data sizes:     COMMON   BANK0   BANK1   BANK3   BANK2
   906 ;;      Params:         0       0       0       0       0
   907 ;;      Locals:         0       0       0       0       0
   908 ;;      Temps:          3       0       0       0       0
   909 ;;      Totals:         3       0       0       0       0
   910 ;;Total ram usage:        3 bytes
   911 ;; Hardware stack levels used: 1
   912 ;; Hardware stack levels required when called: 1
   913 ;; This function calls:
   914 ;;		_I2C_Error_Data
   915 ;;		_I2C_Error_Read
   916 ;;		_I2C_Read_Mode
   917 ;;		_I2C_Read_Slave
   918 ;;		_I2C_Write_Mode
   919 ;;		_I2C_Write_Slave
   920 ;; This function is called by:
   921 ;;		Interrupt level 1
   922 ;; This function uses a non-reentrant model
   923 ;;
   924                           
   925     001E                     _isr:	
   926                           ;psect for function _isr
   927                           
   928     001E                     i1l1091:
   929                           
   930                           ;main_slave1.c: 86:     if (PIR1bits.SSPIF == 1){
   931     001E  1283               	bcf	3,5	;RP0=0, select bank0
   932     001F  1303               	bcf	3,6	;RP1=0, select bank0
   933     0020  1D8C               	btfss	12,3	;volatile
   934     0021  2823               	goto	u37_21
   935     0022  2824               	goto	u37_20
   936     0023                     u37_21:
   937     0023  2859               	goto	i1l1105
   938     0024                     u37_20:
   939     0024                     i1l1093:
   940                           
   941                           ;main_slave1.c: 87:         if(I2C_Error_Read() != 0)
   942     0024  120A  118A  20DC  120A  118A  	fcall	_I2C_Error_Read
   943     0029  0870               	movf	?_I2C_Error_Read,w
   944     002A  0471               	iorwf	?_I2C_Error_Read+1,w
   945     002B  1903               	btfsc	3,2
   946     002C  282E               	goto	u38_21
   947     002D  282F               	goto	u38_20
   948     002E                     u38_21:
   949     002E  2834               	goto	i1l91
   950     002F                     u38_20:
   951     002F                     i1l1095:
   952                           
   953                           ;main_slave1.c: 88:         {;main_slave1.c: 89:             I2C_Error_Data();
   954     002F  120A  118A  2140  120A  118A  	fcall	_I2C_Error_Data
   955     0034                     i1l91:	
   956                           ;main_slave1.c: 90:         }
   957                           
   958                           
   959                           ;main_slave1.c: 91:         if(I2C_Write_Mode() == 1)
   960     0034  120A  118A  20F2  120A  118A  	fcall	_I2C_Write_Mode
   961     0039  0370               	decf	?_I2C_Write_Mode,w
   962     003A  0471               	iorwf	?_I2C_Write_Mode+1,w
   963     003B  1D03               	btfss	3,2
   964     003C  283E               	goto	u39_21
   965     003D  283F               	goto	u39_20
   966     003E                     u39_21:
   967     003E  2845               	goto	i1l1099
   968     003F                     u39_20:
   969     003F                     i1l1097:
   970                           
   971                           ;main_slave1.c: 92:         {;main_slave1.c: 93:             recibido = I2C_Read_Slave()
      +                          ;
   972     003F  120A  118A  212F  120A  118A  	fcall	_I2C_Read_Slave
   973     0044  00FD               	movwf	_recibido
   974     0045                     i1l1099:
   975                           
   976                           ;main_slave1.c: 95:         if(I2C_Read_Mode() == 1)
   977     0045  120A  118A  2107  120A  118A  	fcall	_I2C_Read_Mode
   978     004A  0370               	decf	?_I2C_Read_Mode,w
   979     004B  0471               	iorwf	?_I2C_Read_Mode+1,w
   980     004C  1D03               	btfss	3,2
   981     004D  284F               	goto	u40_21
   982     004E  2850               	goto	u40_20
   983     004F                     u40_21:
   984     004F  2856               	goto	i1l1103
   985     0050                     u40_20:
   986     0050                     i1l1101:
   987                           
   988                           ;main_slave1.c: 96:         {;main_slave1.c: 97:             I2C_Write_Slave(cont);
   989     0050  0878               	movf	_cont,w
   990     0051  120A  118A  211C  120A  118A  	fcall	_I2C_Write_Slave
   991     0056                     i1l1103:
   992                           
   993                           ;main_slave1.c: 121:         PIR1bits.SSPIF = 0;
   994     0056  1283               	bcf	3,5	;RP0=0, select bank0
   995     0057  1303               	bcf	3,6	;RP1=0, select bank0
   996     0058  118C               	bcf	12,3	;volatile
   997     0059                     i1l1105:
   998                           
   999                           ;main_slave1.c: 123:     if (INTCONbits.RBIF == 1){
  1000     0059  1C0B               	btfss	11,0	;volatile
  1001     005A  285C               	goto	u41_21
  1002     005B  285D               	goto	u41_20
  1003     005C                     u41_21:
  1004     005C  2866               	goto	i1l96
  1005     005D                     u41_20:
  1006     005D                     i1l1107:
  1007                           
  1008                           ;main_slave1.c: 124:         if (PORTBbits.RB4 == 1){
  1009     005D  1E06               	btfss	6,4	;volatile
  1010     005E  2860               	goto	u42_21
  1011     005F  2861               	goto	u42_20
  1012     0060                     u42_21:
  1013     0060  2865               	goto	i1l1111
  1014     0061                     u42_20:
  1015     0061                     i1l1109:
  1016                           
  1017                           ;main_slave1.c: 125:             cont++;
  1018     0061  3001               	movlw	1
  1019     0062  00F5               	movwf	??_isr
  1020     0063  0875               	movf	??_isr,w
  1021     0064  07F8               	addwf	_cont,f
  1022     0065                     i1l1111:
  1023                           
  1024                           ;main_slave1.c: 127:         INTCONbits.RBIF = 0;
  1025     0065  100B               	bcf	11,0	;volatile
  1026     0066                     i1l96:
  1027     0066  0877               	movf	??_isr+2,w
  1028     0067  008A               	movwf	10
  1029     0068  0E76               	swapf	??_isr+1,w
  1030     0069  0083               	movwf	3
  1031     006A  0EFE               	swapf	btemp,f
  1032     006B  0E7E               	swapf	btemp,w
  1033     006C  0009               	retfie
  1034     006D                     __end_of_isr:
  1035                           
  1036                           	psect	intentry
  1037     0004                     __pintentry:	
  1038                           ;incstack = 0
  1039                           ; Regs used in _isr: [wreg+status,2+status,0+pclath+cstack]
  1040                           
  1041     0004                     interrupt_function:
  1042     007E                     saved_w	set	btemp
  1043     0004  00FE               	movwf	btemp
  1044     0005  0E03               	swapf	3,w
  1045     0006  00F6               	movwf	??_isr+1
  1046     0007  080A               	movf	10,w
  1047     0008  00F7               	movwf	??_isr+2
  1048     0009  120A  118A  281E   	ljmp	_isr
  1049                           
  1050                           	psect	text4
  1051     011C                     __ptext4:	
  1052 ;; *************** function _I2C_Write_Slave *****************
  1053 ;; Defined at:
  1054 ;;		line 135 in file "i2c.c"
  1055 ;; Parameters:    Size  Location     Type
  1056 ;;  dato_i2c        1    wreg     unsigned char 
  1057 ;; Auto vars:     Size  Location     Type
  1058 ;;  dato_i2c        1    0[COMMON] unsigned char 
  1059 ;;  z               2    0        short 
  1060 ;; Return value:  Size  Location     Type
  1061 ;;                  1    wreg      void 
  1062 ;; Registers used:
  1063 ;;		wreg
  1064 ;; Tracked objects:
  1065 ;;		On entry : 0/0
  1066 ;;		On exit  : 0/0
  1067 ;;		Unchanged: 0/0
  1068 ;; Data sizes:     COMMON   BANK0   BANK1   BANK3   BANK2
  1069 ;;      Params:         0       0       0       0       0
  1070 ;;      Locals:         1       0       0       0       0
  1071 ;;      Temps:          0       0       0       0       0
  1072 ;;      Totals:         1       0       0       0       0
  1073 ;;Total ram usage:        1 bytes
  1074 ;; Hardware stack levels used: 1
  1075 ;; This function calls:
  1076 ;;		Nothing
  1077 ;; This function is called by:
  1078 ;;		_isr
  1079 ;; This function uses a non-reentrant model
  1080 ;;
  1081                           
  1082     011C                     _I2C_Write_Slave:	
  1083                           ;psect for function _I2C_Write_Slave
  1084                           
  1085                           
  1086                           ;incstack = 0
  1087                           ; Regs used in _I2C_Write_Slave: [wreg]
  1088                           ;I2C_Write_Slave@dato_i2c stored from wreg
  1089     011C  00F0               	movwf	I2C_Write_Slave@dato_i2c
  1090     011D                     i1l893:
  1091     011D  1283               	bcf	3,5	;RP0=0, select bank0
  1092     011E  1303               	bcf	3,6	;RP1=0, select bank0
  1093     011F  0813               	movf	19,w	;volatile
  1094     0120                     i1l895:
  1095                           
  1096                           ;i2c.c: 139:     BF = 0;
  1097     0120  1683               	bsf	3,5	;RP0=1, select bank1
  1098     0121  1303               	bcf	3,6	;RP1=0, select bank1
  1099     0122  1014               	bcf	20,0	;volatile
  1100                           
  1101                           ;i2c.c: 140:     SSPBUF = dato_i2c;
  1102     0123  0870               	movf	I2C_Write_Slave@dato_i2c,w
  1103     0124  1283               	bcf	3,5	;RP0=0, select bank0
  1104     0125  1303               	bcf	3,6	;RP1=0, select bank0
  1105     0126  0093               	movwf	19	;volatile
  1106     0127                     i1l897:
  1107                           
  1108                           ;i2c.c: 141:     SSPCONbits.CKP = 1;
  1109     0127  1614               	bsf	20,4	;volatile
  1110     0128                     i1l153:	
  1111                           ;i2c.c: 142:     while(SSPSTATbits.BF == 1);
  1112                           
  1113     0128  1683               	bsf	3,5	;RP0=1, select bank1
  1114     0129  1303               	bcf	3,6	;RP1=0, select bank1
  1115     012A  1814               	btfsc	20,0	;volatile
  1116     012B  292D               	goto	u8_21
  1117     012C  292E               	goto	u8_20
  1118     012D                     u8_21:
  1119     012D  2928               	goto	i1l153
  1120     012E                     u8_20:
  1121     012E                     i1l156:
  1122     012E  0008               	return
  1123     012F                     __end_of_I2C_Write_Slave:
  1124                           
  1125                           	psect	text5
  1126     00F2                     __ptext5:	
  1127 ;; *************** function _I2C_Write_Mode *****************
  1128 ;; Defined at:
  1129 ;;		line 103 in file "i2c.c"
  1130 ;; Parameters:    Size  Location     Type
  1131 ;;		None
  1132 ;; Auto vars:     Size  Location     Type
  1133 ;;		None
  1134 ;; Return value:  Size  Location     Type
  1135 ;;                  2    0[COMMON] short 
  1136 ;; Registers used:
  1137 ;;		wreg, status,2
  1138 ;; Tracked objects:
  1139 ;;		On entry : 0/0
  1140 ;;		On exit  : 0/0
  1141 ;;		Unchanged: 0/0
  1142 ;; Data sizes:     COMMON   BANK0   BANK1   BANK3   BANK2
  1143 ;;      Params:         2       0       0       0       0
  1144 ;;      Locals:         1       0       0       0       0
  1145 ;;      Temps:          2       0       0       0       0
  1146 ;;      Totals:         5       0       0       0       0
  1147 ;;Total ram usage:        5 bytes
  1148 ;; Hardware stack levels used: 1
  1149 ;; This function calls:
  1150 ;;		Nothing
  1151 ;; This function is called by:
  1152 ;;		_isr
  1153 ;; This function uses a non-reentrant model
  1154 ;;
  1155                           
  1156     00F2                     _I2C_Write_Mode:	
  1157                           ;psect for function _I2C_Write_Mode
  1158                           
  1159     00F2                     i1l1029:	
  1160                           ;incstack = 0
  1161                           ; Regs used in _I2C_Write_Mode: [wreg+status,2]
  1162                           
  1163                           
  1164                           ;i2c.c: 105:     return(!SSPSTATbits.D_nA && !SSPSTATbits.R_nW) ? 1 : 0;
  1165     00F2  01F4               	clrf	_I2C_Write_Mode$541
  1166     00F3                     i1l1031:
  1167     00F3  1683               	bsf	3,5	;RP0=1, select bank1
  1168     00F4  1303               	bcf	3,6	;RP1=0, select bank1
  1169     00F5  1A94               	btfsc	20,5	;volatile
  1170     00F6  28F8               	goto	u31_21
  1171     00F7  28F9               	goto	u31_20
  1172     00F8                     u31_21:
  1173     00F8  28FF               	goto	i1l1037
  1174     00F9                     u31_20:
  1175     00F9                     i1l1033:
  1176     00F9  1914               	btfsc	20,2	;volatile
  1177     00FA  28FC               	goto	u32_21
  1178     00FB  28FD               	goto	u32_20
  1179     00FC                     u32_21:
  1180     00FC  28FF               	goto	i1l1037
  1181     00FD                     u32_20:
  1182     00FD                     i1l1035:
  1183     00FD  01F4               	clrf	_I2C_Write_Mode$541
  1184     00FE  0AF4               	incf	_I2C_Write_Mode$541,f
  1185     00FF                     i1l1037:
  1186     00FF  0874               	movf	_I2C_Write_Mode$541,w
  1187     0100  00F2               	movwf	??_I2C_Write_Mode
  1188     0101  01F3               	clrf	??_I2C_Write_Mode+1
  1189     0102  0872               	movf	??_I2C_Write_Mode,w
  1190     0103  00F0               	movwf	?_I2C_Write_Mode
  1191     0104  0873               	movf	??_I2C_Write_Mode+1,w
  1192     0105  00F1               	movwf	?_I2C_Write_Mode+1
  1193     0106                     i1l136:
  1194     0106  0008               	return
  1195     0107                     __end_of_I2C_Write_Mode:
  1196                           
  1197                           	psect	text6
  1198     012F                     __ptext6:	
  1199 ;; *************** function _I2C_Read_Slave *****************
  1200 ;; Defined at:
  1201 ;;		line 123 in file "i2c.c"
  1202 ;; Parameters:    Size  Location     Type
  1203 ;;		None
  1204 ;; Auto vars:     Size  Location     Type
  1205 ;;  z               2    0        short 
  1206 ;;  dato_i2c        1    0[COMMON] unsigned char 
  1207 ;; Return value:  Size  Location     Type
  1208 ;;                  1    wreg      unsigned char 
  1209 ;; Registers used:
  1210 ;;		wreg
  1211 ;; Tracked objects:
  1212 ;;		On entry : 0/0
  1213 ;;		On exit  : 0/0
  1214 ;;		Unchanged: 0/0
  1215 ;; Data sizes:     COMMON   BANK0   BANK1   BANK3   BANK2
  1216 ;;      Params:         0       0       0       0       0
  1217 ;;      Locals:         1       0       0       0       0
  1218 ;;      Temps:          0       0       0       0       0
  1219 ;;      Totals:         1       0       0       0       0
  1220 ;;Total ram usage:        1 bytes
  1221 ;; Hardware stack levels used: 1
  1222 ;; This function calls:
  1223 ;;		Nothing
  1224 ;; This function is called by:
  1225 ;;		_isr
  1226 ;; This function uses a non-reentrant model
  1227 ;;
  1228                           
  1229     012F                     _I2C_Read_Slave:	
  1230                           ;psect for function _I2C_Read_Slave
  1231                           
  1232     012F                     i1l871:	
  1233                           ;incstack = 0
  1234                           ; Regs used in _I2C_Read_Slave: [wreg]
  1235                           
  1236     012F  1283               	bcf	3,5	;RP0=0, select bank0
  1237     0130  1303               	bcf	3,6	;RP1=0, select bank0
  1238     0131  0813               	movf	19,w	;volatile
  1239     0132                     i1l147:	
  1240                           ;i2c.c: 128:     while(!BF);
  1241                           
  1242     0132  1683               	bsf	3,5	;RP0=1, select bank1
  1243     0133  1303               	bcf	3,6	;RP1=0, select bank1
  1244     0134  1C14               	btfss	20,0	;volatile
  1245     0135  2937               	goto	u5_21
  1246     0136  2938               	goto	u5_20
  1247     0137                     u5_21:
  1248     0137  2932               	goto	i1l147
  1249     0138                     u5_20:
  1250     0138                     i1l873:
  1251                           
  1252                           ;i2c.c: 129:     dato_i2c = SSPBUF;
  1253     0138  1283               	bcf	3,5	;RP0=0, select bank0
  1254     0139  1303               	bcf	3,6	;RP1=0, select bank0
  1255     013A  0813               	movf	19,w	;volatile
  1256     013B  00F0               	movwf	I2C_Read_Slave@dato_i2c
  1257     013C                     i1l875:
  1258                           
  1259                           ;i2c.c: 130:     SSPCONbits.CKP = 1;
  1260     013C  1614               	bsf	20,4	;volatile
  1261     013D                     i1l877:
  1262                           
  1263                           ;i2c.c: 131:     SSPCONbits.SSPM3 = 0;
  1264     013D  1194               	bcf	20,3	;volatile
  1265                           
  1266                           ;i2c.c: 132:     return dato_i2c;
  1267     013E  0870               	movf	I2C_Read_Slave@dato_i2c,w
  1268     013F                     i1l150:
  1269     013F  0008               	return
  1270     0140                     __end_of_I2C_Read_Slave:
  1271                           
  1272                           	psect	text7
  1273     0107                     __ptext7:	
  1274 ;; *************** function _I2C_Read_Mode *****************
  1275 ;; Defined at:
  1276 ;;		line 107 in file "i2c.c"
  1277 ;; Parameters:    Size  Location     Type
  1278 ;;		None
  1279 ;; Auto vars:     Size  Location     Type
  1280 ;;		None
  1281 ;; Return value:  Size  Location     Type
  1282 ;;                  2    0[COMMON] short 
  1283 ;; Registers used:
  1284 ;;		wreg, status,2
  1285 ;; Tracked objects:
  1286 ;;		On entry : 0/0
  1287 ;;		On exit  : 0/0
  1288 ;;		Unchanged: 0/0
  1289 ;; Data sizes:     COMMON   BANK0   BANK1   BANK3   BANK2
  1290 ;;      Params:         2       0       0       0       0
  1291 ;;      Locals:         1       0       0       0       0
  1292 ;;      Temps:          2       0       0       0       0
  1293 ;;      Totals:         5       0       0       0       0
  1294 ;;Total ram usage:        5 bytes
  1295 ;; Hardware stack levels used: 1
  1296 ;; This function calls:
  1297 ;;		Nothing
  1298 ;; This function is called by:
  1299 ;;		_isr
  1300 ;; This function uses a non-reentrant model
  1301 ;;
  1302                           
  1303     0107                     _I2C_Read_Mode:	
  1304                           ;psect for function _I2C_Read_Mode
  1305                           
  1306     0107                     i1l1041:	
  1307                           ;incstack = 0
  1308                           ; Regs used in _I2C_Read_Mode: [wreg+status,2]
  1309                           
  1310                           
  1311                           ;i2c.c: 109:     return (!SSPSTATbits.D_nA && SSPSTATbits.R_nW) ? 1: 0;
  1312     0107  01F4               	clrf	_I2C_Read_Mode$543
  1313     0108                     i1l1043:
  1314     0108  1683               	bsf	3,5	;RP0=1, select bank1
  1315     0109  1303               	bcf	3,6	;RP1=0, select bank1
  1316     010A  1A94               	btfsc	20,5	;volatile
  1317     010B  290D               	goto	u33_21
  1318     010C  290E               	goto	u33_20
  1319     010D                     u33_21:
  1320     010D  2914               	goto	i1l1049
  1321     010E                     u33_20:
  1322     010E                     i1l1045:
  1323     010E  1D14               	btfss	20,2	;volatile
  1324     010F  2911               	goto	u34_21
  1325     0110  2912               	goto	u34_20
  1326     0111                     u34_21:
  1327     0111  2914               	goto	i1l1049
  1328     0112                     u34_20:
  1329     0112                     i1l1047:
  1330     0112  01F4               	clrf	_I2C_Read_Mode$543
  1331     0113  0AF4               	incf	_I2C_Read_Mode$543,f
  1332     0114                     i1l1049:
  1333     0114  0874               	movf	_I2C_Read_Mode$543,w
  1334     0115  00F2               	movwf	??_I2C_Read_Mode
  1335     0116  01F3               	clrf	??_I2C_Read_Mode+1
  1336     0117  0872               	movf	??_I2C_Read_Mode,w
  1337     0118  00F0               	movwf	?_I2C_Read_Mode
  1338     0119  0873               	movf	??_I2C_Read_Mode+1,w
  1339     011A  00F1               	movwf	?_I2C_Read_Mode+1
  1340     011B                     i1l141:
  1341     011B  0008               	return
  1342     011C                     __end_of_I2C_Read_Mode:
  1343                           
  1344                           	psect	text8
  1345     00DC                     __ptext8:	
  1346 ;; *************** function _I2C_Error_Read *****************
  1347 ;; Defined at:
  1348 ;;		line 97 in file "i2c.c"
  1349 ;; Parameters:    Size  Location     Type
  1350 ;;		None
  1351 ;; Auto vars:     Size  Location     Type
  1352 ;;		None
  1353 ;; Return value:  Size  Location     Type
  1354 ;;                  2    0[COMMON] short 
  1355 ;; Registers used:
  1356 ;;		wreg, status,2
  1357 ;; Tracked objects:
  1358 ;;		On entry : 0/0
  1359 ;;		On exit  : 0/0
  1360 ;;		Unchanged: 0/0
  1361 ;; Data sizes:     COMMON   BANK0   BANK1   BANK3   BANK2
  1362 ;;      Params:         2       0       0       0       0
  1363 ;;      Locals:         1       0       0       0       0
  1364 ;;      Temps:          2       0       0       0       0
  1365 ;;      Totals:         5       0       0       0       0
  1366 ;;Total ram usage:        5 bytes
  1367 ;; Hardware stack levels used: 1
  1368 ;; This function calls:
  1369 ;;		Nothing
  1370 ;; This function is called by:
  1371 ;;		_isr
  1372 ;; This function uses a non-reentrant model
  1373 ;;
  1374                           
  1375     00DC                     _I2C_Error_Read:	
  1376                           ;psect for function _I2C_Error_Read
  1377                           
  1378     00DC                     i1l1019:	
  1379                           ;incstack = 0
  1380                           ; Regs used in _I2C_Error_Read: [wreg+status,2]
  1381                           
  1382                           
  1383                           ;i2c.c: 99:     SSPCONbits.CKP = 0;
  1384     00DC  1283               	bcf	3,5	;RP0=0, select bank0
  1385     00DD  1303               	bcf	3,6	;RP1=0, select bank0
  1386     00DE  1214               	bcf	20,4	;volatile
  1387                           
  1388                           ;i2c.c: 100:     return ((SSPCONbits.SSPOV) || (SSPCONbits.WCOL)) ? 1 : 0;
  1389     00DF  01F4               	clrf	_I2C_Error_Read$531
  1390     00E0  0AF4               	incf	_I2C_Error_Read$531,f
  1391     00E1  1B14               	btfsc	20,6	;volatile
  1392     00E2  28E4               	goto	u29_21
  1393     00E3  28E5               	goto	u29_20
  1394     00E4                     u29_21:
  1395     00E4  28EA               	goto	i1l1025
  1396     00E5                     u29_20:
  1397     00E5                     i1l1021:
  1398     00E5  1B94               	btfsc	20,7	;volatile
  1399     00E6  28E8               	goto	u30_21
  1400     00E7  28E9               	goto	u30_20
  1401     00E8                     u30_21:
  1402     00E8  28EA               	goto	i1l1025
  1403     00E9                     u30_20:
  1404     00E9                     i1l1023:
  1405     00E9  01F4               	clrf	_I2C_Error_Read$531
  1406     00EA                     i1l1025:
  1407     00EA  0874               	movf	_I2C_Error_Read$531,w
  1408     00EB  00F2               	movwf	??_I2C_Error_Read
  1409     00EC  01F3               	clrf	??_I2C_Error_Read+1
  1410     00ED  0872               	movf	??_I2C_Error_Read,w
  1411     00EE  00F0               	movwf	?_I2C_Error_Read
  1412     00EF  0873               	movf	??_I2C_Error_Read+1,w
  1413     00F0  00F1               	movwf	?_I2C_Error_Read+1
  1414     00F1                     i1l131:
  1415     00F1  0008               	return
  1416     00F2                     __end_of_I2C_Error_Read:
  1417                           
  1418                           	psect	text9
  1419     0140                     __ptext9:	
  1420 ;; *************** function _I2C_Error_Data *****************
  1421 ;; Defined at:
  1422 ;;		line 112 in file "i2c.c"
  1423 ;; Parameters:    Size  Location     Type
  1424 ;;		None
  1425 ;; Auto vars:     Size  Location     Type
  1426 ;;  z               2    0        short 
  1427 ;; Return value:  Size  Location     Type
  1428 ;;                  1    wreg      void 
  1429 ;; Registers used:
  1430 ;;		wreg
  1431 ;; Tracked objects:
  1432 ;;		On entry : 0/0
  1433 ;;		On exit  : 0/0
  1434 ;;		Unchanged: 0/0
  1435 ;; Data sizes:     COMMON   BANK0   BANK1   BANK3   BANK2
  1436 ;;      Params:         0       0       0       0       0
  1437 ;;      Locals:         0       0       0       0       0
  1438 ;;      Temps:          0       0       0       0       0
  1439 ;;      Totals:         0       0       0       0       0
  1440 ;;Total ram usage:        0 bytes
  1441 ;; Hardware stack levels used: 1
  1442 ;; This function calls:
  1443 ;;		Nothing
  1444 ;; This function is called by:
  1445 ;;		_isr
  1446 ;; This function uses a non-reentrant model
  1447 ;;
  1448                           
  1449     0140                     _I2C_Error_Data:	
  1450                           ;psect for function _I2C_Error_Data
  1451                           
  1452     0140                     i1l847:	
  1453                           ;incstack = 0
  1454                           ; Regs used in _I2C_Error_Data: [wreg]
  1455                           
  1456                           
  1457                           ;i2c.c: 114:     short z;;i2c.c: 115:     SSPCONbits.CKP = 0;
  1458     0140  1283               	bcf	3,5	;RP0=0, select bank0
  1459     0141  1303               	bcf	3,6	;RP1=0, select bank0
  1460     0142  1214               	bcf	20,4	;volatile
  1461     0143                     i1l849:
  1462     0143  0813               	movf	19,w	;volatile
  1463     0144                     i1l851:
  1464                           
  1465                           ;i2c.c: 117:     SSPCONbits.SSPOV = 0;
  1466     0144  1314               	bcf	20,6	;volatile
  1467     0145                     i1l853:
  1468                           
  1469                           ;i2c.c: 118:     SSPCONbits.WCOL = 0;
  1470     0145  1394               	bcf	20,7	;volatile
  1471     0146                     i1l855:
  1472                           
  1473                           ;i2c.c: 119:     SSPCONbits.CKP = 1;
  1474     0146  1614               	bsf	20,4	;volatile
  1475     0147                     i1l857:
  1476                           
  1477                           ;i2c.c: 120:     SSPCONbits.SSPM3 = 0;
  1478     0147  1194               	bcf	20,3	;volatile
  1479     0148                     i1l144:
  1480     0148  0008               	return
  1481     0149                     __end_of_I2C_Error_Data:
  1482     007E                     btemp	set	126	;btemp
  1483     007E                     wtemp0	set	126
  1484                           
  1485                           	psect	idloc
  1486                           
  1487                           ;Config register IDLOC0 @ 0x2000
  1488                           ;	unspecified, using default values
  1489     2000                     	org	8192
  1490     2000  3FFF               	dw	16383
  1491                           
  1492                           ;Config register IDLOC1 @ 0x2001
  1493                           ;	unspecified, using default values
  1494     2001                     	org	8193
  1495     2001  3FFF               	dw	16383
  1496                           
  1497                           ;Config register IDLOC2 @ 0x2002
  1498                           ;	unspecified, using default values
  1499     2002                     	org	8194
  1500     2002  3FFF               	dw	16383
  1501                           
  1502                           ;Config register IDLOC3 @ 0x2003
  1503                           ;	unspecified, using default values
  1504     2003                     	org	8195
  1505     2003  3FFF               	dw	16383
  1506                           
  1507                           	psect	config
  1508                           
  1509                           ;Config register CONFIG1 @ 0x2007
  1510                           ;	Oscillator Selection bits
  1511                           ;	FOSC = INTRC_NOCLKOUT, INTOSCIO oscillator: I/O function on RA6/OSC2/CLKOUT pin, I/O f
      +                          unction on RA7/OSC1/CLKIN
  1512                           ;	Watchdog Timer Enable bit
  1513                           ;	WDTE = OFF, WDT disabled and can be enabled by SWDTEN bit of the WDTCON register
  1514                           ;	Power-up Timer Enable bit
  1515                           ;	PWRTE = OFF, PWRT disabled
  1516                           ;	RE3/MCLR pin function select bit
  1517                           ;	MCLRE = OFF, RE3/MCLR pin function is digital input, MCLR internally tied to VDD
  1518                           ;	Code Protection bit
  1519                           ;	CP = OFF, Program memory code protection is disabled
  1520                           ;	Data Code Protection bit
  1521                           ;	CPD = OFF, Data memory code protection is disabled
  1522                           ;	Brown Out Reset Selection bits
  1523                           ;	BOREN = OFF, BOR disabled
  1524                           ;	Internal External Switchover bit
  1525                           ;	IESO = OFF, Internal/External Switchover mode is disabled
  1526                           ;	Fail-Safe Clock Monitor Enabled bit
  1527                           ;	FCMEN = OFF, Fail-Safe Clock Monitor is disabled
  1528                           ;	Low Voltage Programming Enable bit
  1529                           ;	LVP = OFF, RB3 pin has digital I/O, HV on MCLR must be used for programming
  1530                           ;	In-Circuit Debugger Mode bit
  1531                           ;	DEBUG = 0x1, unprogramme  1532     2007                     	org	8199
  1533     2007  20D4               	dw	8404
  1534                           
  1535                           ;Config register CONFIG2 @ 0x2008
  1536                           ;	Brown-out Reset Selection bit
  1537                           ;	BOR4V = BOR40V, Brown-out Reset set to 4.0V
  1538                           ;	Flash Program Memory Self Write Enable bits
  1539                           ;	WRT = OFF, Write protection off
  1540     2008                     	org	8200
  1541     2008  3FFF               	dw	16383

Data Sizes:
    Strings     0
    Constant    0
    Data        0
    BSS         9
    Persistent  1
    Stack       0

Auto Spaces:
    Space          Size  Autos    Used
    COMMON           14      8      14
    BANK0            80      4       8
    BANK1            80      0       0
    BANK3            96      0       0
    BANK2            96      0       0

Pointer List with Targets:

    None.

Critical Paths under _main in COMMON

    None.

Critical Paths under _isr in COMMON

    _isr->_I2C_Error_Read
    _isr->_I2C_Read_Mode
    _isr->_I2C_Write_Mode

Critical Paths under _main in BANK0

    _setup->_I2C_Init_Slave

Critical Paths under _isr in BANK0

    None.

Critical Paths under _main in BANK1

    None.

Critical Paths under _isr in BANK1

    None.

Critical Paths under _main in BANK3

    None.

Critical Paths under _isr in BANK3

    None.

Critical Paths under _main in BANK2

    None.

Critical Paths under _isr in BANK2

    None.

Call Graph Tables:

 ---------------------------------------------------------------------------------
 (Depth) Function   	        Calls       Base Space   Used Autos Params    Refs
 ---------------------------------------------------------------------------------
 (0) _main                                                 3     3      0      22
                                              1 BANK0      3     3      0
                              _setup
 ---------------------------------------------------------------------------------
 (1) _setup                                                0     0      0      22
                     _I2C_Init_Slave
 ---------------------------------------------------------------------------------
 (2) _I2C_Init_Slave                                       1     1      0      22
                                              0 BANK0      1     1      0
 ---------------------------------------------------------------------------------
 Estimated maximum stack depth 2
 ---------------------------------------------------------------------------------
 (Depth) Function   	        Calls       Base Space   Used Autos Params    Refs
 ---------------------------------------------------------------------------------
 (3) _isr                                                  3     3      0     102
                                              5 COMMON     3     3      0
                     _I2C_Error_Data
                     _I2C_Error_Read
                      _I2C_Read_Mode
                     _I2C_Read_Slave
                     _I2C_Write_Mode
                    _I2C_Write_Slave
 ---------------------------------------------------------------------------------
 (4) _I2C_Write_Slave                                      3     3      0      15
                                              0 COMMON     1     1      0
 ---------------------------------------------------------------------------------
 (4) _I2C_Write_Mode                                       5     3      2      24
                                              0 COMMON     5     3      2
 ---------------------------------------------------------------------------------
 (4) _I2C_Read_Slave                                       3     3      0      15
                                              0 COMMON     1     1      0
 ---------------------------------------------------------------------------------
 (4) _I2C_Read_Mode                                        5     3      2      24
                                              0 COMMON     5     3      2
 ---------------------------------------------------------------------------------
 (4) _I2C_Error_Read                                       5     3      2      24
                                              0 COMMON     5     3      2
 ---------------------------------------------------------------------------------
 (4) _I2C_Error_Data                                       2     2      0       0
 ---------------------------------------------------------------------------------
 Estimated maximum stack depth 4
 ---------------------------------------------------------------------------------

 Call Graph Graphs:

 _main (ROOT)
   _setup
     _I2C_Init_Slave

 _isr (ROOT)
   _I2C_Error_Data
   _I2C_Error_Read
   _I2C_Read_Mode
   _I2C_Read_Slave
   _I2C_Write_Mode
   _I2C_Write_Slave

 Address spaces:
Name               Size   Autos  Total    Cost      Usage
BITCOMMON            E      0       0       0        0.0%
EEDATA             100      0       0       0        0.0%
NULL                 0      0       0       0        0.0%
CODE                 0      0       0       0        0.0%
COMMON               E      8       E       1      100.0%
BITSFR0              0      0       0       1        0.0%
SFR0                 0      0       0       1        0.0%
BITSFR1              0      0       0       2        0.0%
SFR1                 0      0       0       2        0.0%
STACK                0      0       0       2        0.0%
ABS                  0      0      16       3        0.0%
BITBANK0            50      0       0       4        0.0%
BITSFR3              0      0       0       4        0.0%
SFR3                 0      0       0       4        0.0%
BANK0               50      4       8       5       10.0%
BITSFR2              0      0       0       5        0.0%
SFR2                 0      0       0       5        0.0%
BITBANK1            50      0       0       6        0.0%
BANK1               50      0       0       7        0.0%
BITBANK3            60      0       0       8        0.0%
BANK3               60      0       0       9        0.0%
BITBANK2            60      0       0      10        0.0%
BANK2               60      0       0      11        0.0%
DATA                 0      0      16      12        0.0%


Microchip Technology PIC Macro Assembler V2.40 build 20220703182018 
Symbol Table                                                                                   Thu Feb 23 14:58:55 2023

            _SSPSTATbits 0094                       _BF 04A0                       l73 007B  
                     l74 0083                       l99 00DB                       _dc 0027  
                    l126 00BE                      l991 00B6                      l993 00B7  
                    l995 00B8                      l987 00A2                      l997 00BB  
                    l989 00A6                      l999 00BF                      u350 0081  
                    u351 0080                      u360 008D                      u361 008C  
                    u437 0095                      _red 007B                      _isr 001E  
                   l1001 00C3                     l1011 00D2                     l1003 00C6  
                   l1013 00D3                     l1005 00C7                     l1015 00D4  
                   l1007 00C8                     l1017 00D5                     l1009 00CF  
                   l1061 0077                     l1053 006D                     l1063 0078  
                   l1055 0072                     l1065 0081                     l1057 0075  
                   l1059 0076                     l1085 0084                     l1087 0086  
                   l1089 008D                     ?_isr 0070                     i1l91 0034  
                   i1l96 0066                     _TMR1 000E                     u5_20 0138  
                   u5_21 0137                     u8_20 012E                     u8_21 012D  
                   _blue 0026                     _cont 0078                     _main 006D  
                   btemp 007E                     start 000C                    ??_isr 0075  
                  ?_main 0070                    _ANSEL 0188                    _T1CON 0010  
        _I2C_Write_Slave 011C                    i1l131 00F1                    i1l141 011B  
                  i1l150 013F                    i1l144 0148                    i1l136 0106  
                  i1l153 0128                    i1l147 0132                    i1l156 012E  
                  i1l851 0144                    i1l853 0145                    i1l855 0146  
                  i1l847 0140                    i1l871 012F                    i1l857 0147  
                  i1l849 0143                    i1l873 0138                    i1l875 013C  
                  i1l877 013D                    i1l893 011D                    i1l895 0120  
                  i1l897 0127                    u30_20 00E9                    u30_21 00E8  
                  u31_20 00F9                    u31_21 00F8                    u32_20 00FD  
                  u40_20 0050                    u32_21 00FC                    u40_21 004F  
                  u33_20 010E                    u41_20 005D                    u33_21 010D  
                  u41_21 005C                    u34_20 0112                    u42_20 0061  
                  u34_21 0111                    u42_21 0060                    _PORTA 0005  
                  _PORTB 0006                    _PORTC 0007                    _PORTD 0008  
                  u29_20 00E5                    u37_20 0024                    u29_21 00E4  
                  u37_21 0023                    u38_20 002F                    u38_21 002E  
                  u39_20 003F                    u39_21 003E                    _contb 0024  
                  _contg 0079                    _contr 0025                    _green 007A  
                  _setup 00BF                    pclath 000A                    status 0003  
                  wtemp0 007E          __initialization 000F             __end_of_main 009F  
 I2C_Read_Slave@dato_i2c 0070                   ??_main 0021                   ?_setup 0070  
                 _ANSELH 0189                   i1l1021 00E5                   i1l1101 0050  
                 i1l1023 00E9                   i1l1031 00F3                   i1l1111 0065  
                 i1l1103 0056                   i1l1025 00EA                   i1l1041 0107  
                 i1l1033 00F9                   i1l1105 0059                   i1l1019 00DC  
                 i1l1043 0108                   i1l1035 00FD                   i1l1107 005D  
                 i1l1045 010E                   i1l1037 00FF                   i1l1029 00F2  
                 i1l1109 0061                   i1l1047 0112                   i1l1049 0114  
                 i1l1091 001E                   i1l1093 0024                   i1l1095 002F  
                 i1l1097 003F                   i1l1099 0045                   _SSPADD 0093  
                 _SSPCON 0014                   _SSPBUF 0013            _I2C_Read_Mode 0107  
__end_of_I2C_Write_Slave 012F  I2C_Write_Slave@dato_i2c 0070                   saved_w 007E  
__end_of__initialization 001A        _I2C_Read_Mode$543 0074           ?_I2C_Read_Mode 0070  
         __pcstackCOMMON 0070            __end_of_setup 00DC                  ??_setup 0021  
             __pbssBANK0 0024               __pmaintext 006D         ?_I2C_Write_Slave 0070  
             __pintentry 0004                  _SSPCON2 0091                  _SSPSTAT 0094  
        ??_I2C_Read_Mode 0072           _I2C_Init_Slave 009F           _I2C_Read_Slave 012F  
         _I2C_Error_Data 0140           _I2C_Error_Read 00DC                  __ptext1 00BF  
                __ptext2 009F                  __ptext3 001E                  __ptext4 011C  
                __ptext5 00F2                  __ptext6 012F                  __ptext7 0107  
                __ptext8 00DC                  __ptext9 0140                _T1CONbits 0010  
                _enviado 007C     end_of_initialization 001A   __end_of_I2C_Init_Slave 00BF  
 __end_of_I2C_Read_Slave 0140   __end_of_I2C_Error_Data 0149   __end_of_I2C_Error_Read 00F2  
              _PORTAbits 0005                _PORTBbits 0006                _PORTCbits 0007  
              _PORTDbits 0008                _TRISAbits 0085                _TRISCbits 0087  
              _TRISDbits 0088          ?_I2C_Init_Slave 0070          ?_I2C_Read_Slave 0070  
        ?_I2C_Error_Data 0070          ?_I2C_Error_Read 0070           _I2C_Write_Mode 00F2  
    start_initialization 000F              __end_of_isr 006D       _I2C_Error_Read$531 0074  
 __end_of_I2C_Write_Mode 0107              __pbssCOMMON 0078                ___latbits 0002  
          __pcstackBANK0 0020                __pnvBANK0 0027          ?_I2C_Write_Mode 0070  
     _I2C_Write_Mode$541 0074        interrupt_function 0004                 _PIE1bits 008C  
               _PIR1bits 000C    __end_of_I2C_Read_Mode 011C         ??_I2C_Init_Slave 0020  
       ??_I2C_Read_Slave 0070         ??_I2C_Error_Data 0070         ??_I2C_Error_Read 0072  
      ??_I2C_Write_Slave 0070                 _recibido 007D               _INTCONbits 000B  
               intlevel1 0000         ??_I2C_Write_Mode 0072               _OSCCONbits 008F  
I2C_Init_Slave@add_slave 0020               _SSPCONbits 0014  
